This file contains any messages produced by compilers while
running configure, to aid debugging if configure makes a mistake.

It was created by i3lock configure 2.10, which was
generated by GNU Autoconf 2.69.  Invocation command line was

  $ ../configure --prefix=/usr --sysconfdir=/etc --disable-sanitizers

## --------- ##
## Platform. ##
## --------- ##

hostname = Mahooly
uname -m = x86_64
uname -r = 4.13.0-39-generic
uname -s = Linux
uname -v = #44~16.04.1-Ubuntu SMP Thu Apr 5 16:43:10 UTC 2018

/usr/bin/uname -p = unknown
/bin/uname -X     = unknown

/bin/arch              = unknown
/usr/bin/arch -k       = unknown
/usr/convex/getsysinfo = unknown
/usr/bin/hostinfo      = unknown
/bin/machine           = unknown
/usr/bin/oslevel       = unknown
/bin/universe          = unknown

PATH: /home/mahooly/bin
PATH: /home/mahooly/.local/bin
PATH: /usr/local/sbin
PATH: /usr/local/bin
PATH: /usr/sbin
PATH: /usr/bin
PATH: /sbin
PATH: /bin
PATH: /usr/games
PATH: /usr/local/games
PATH: /snap/bin


## ----------- ##
## Core tests. ##
## ----------- ##

configure:2369: checking build system type
configure:2383: result: x86_64-pc-linux-gnu
configure:2403: checking host system type
configure:2416: result: x86_64-pc-linux-gnu
configure:2436: checking target system type
configure:2449: result: x86_64-pc-linux-gnu
configure:2537: checking for gsed
configure:2568: result: sed
configure:2595: checking for a BSD-compatible install
configure:2663: result: /usr/bin/install -c
configure:2674: checking whether build environment is sane
configure:2729: result: yes
configure:2877: checking for a thread-safe mkdir -p
configure:2916: result: /bin/mkdir -p
configure:2923: checking for gawk
configure:2953: result: no
configure:2923: checking for mawk
configure:2939: found /usr/bin/mawk
configure:2950: result: mawk
configure:2961: checking whether make sets $(MAKE)
configure:2983: result: yes
configure:3012: checking whether make supports nested variables
configure:3029: result: yes
configure:3167: checking whether make supports nested variables
configure:3184: result: yes
configure:3198: checking whether to enable maintainer-specific portions of Makefiles
configure:3207: result: yes
configure:3234: checking for gawk
configure:3261: result: mawk
configure:3272: checking for GNU make
configure:3288: result: make
configure:3361: checking for a sed that does not truncate output
configure:3425: result: /bin/sed
configure:3443: checking whether to build with code coverage support
configure:3463: result: no
configure:3826: checking whether to enable debugging
configure:3857: result: yes
configure:3930: checking for style of include used by make
configure:3958: result: GNU
configure:4029: checking for gcc
configure:4045: found /usr/bin/gcc
configure:4056: result: gcc
configure:4285: checking for C compiler version
configure:4294: gcc --version >&5
gcc (Ubuntu 5.4.0-6ubuntu1~16.04.10) 5.4.0 20160609
Copyright (C) 2015 Free Software Foundation, Inc.
This is free software; see the source for copying conditions.  There is NO
warranty; not even for MERCHANTABILITY or FITNESS FOR A PARTICULAR PURPOSE.

configure:4305: $? = 0
configure:4294: gcc -v >&5
Using built-in specs.
COLLECT_GCC=gcc
COLLECT_LTO_WRAPPER=/usr/lib/gcc/x86_64-linux-gnu/5/lto-wrapper
Target: x86_64-linux-gnu
Configured with: ../src/configure -v --with-pkgversion='Ubuntu 5.4.0-6ubuntu1~16.04.10' --with-bugurl=file:///usr/share/doc/gcc-5/README.Bugs --enable-languages=c,ada,c++,java,go,d,fortran,objc,obj-c++ --prefix=/usr --program-suffix=-5 --enable-shared --enable-linker-build-id --libexecdir=/usr/lib --without-included-gettext --enable-threads=posix --libdir=/usr/lib --enable-nls --with-sysroot=/ --enable-clocale=gnu --enable-libstdcxx-debug --enable-libstdcxx-time=yes --with-default-libstdcxx-abi=new --enable-gnu-unique-object --disable-vtable-verify --enable-libmpx --enable-plugin --with-system-zlib --disable-browser-plugin --enable-java-awt=gtk --enable-gtk-cairo --with-java-home=/usr/lib/jvm/java-1.5.0-gcj-5-amd64/jre --enable-java-home --with-jvm-root-dir=/usr/lib/jvm/java-1.5.0-gcj-5-amd64 --with-jvm-jar-dir=/usr/lib/jvm-exports/java-1.5.0-gcj-5-amd64 --with-arch-directory=amd64 --with-ecj-jar=/usr/share/java/eclipse-ecj.jar --enable-objc-gc --enable-multiarch --disable-werror --with-arch-32=i686 --with-abi=m64 --with-multilib-list=m32,m64,mx32 --enable-multilib --with-tune=generic --enable-checking=release --build=x86_64-linux-gnu --host=x86_64-linux-gnu --target=x86_64-linux-gnu
Thread model: posix
gcc version 5.4.0 20160609 (Ubuntu 5.4.0-6ubuntu1~16.04.10) 
configure:4305: $? = 0
configure:4294: gcc -V >&5
gcc: error: unrecognized command line option '-V'
gcc: fatal error: no input files
compilation terminated.
configure:4305: $? = 1
configure:4294: gcc -qversion >&5
gcc: error: unrecognized command line option '-qversion'
gcc: fatal error: no input files
compilation terminated.
configure:4305: $? = 1
configure:4325: checking whether the C compiler works
configure:4347: gcc  -g -O0   conftest.c  >&5
configure:4351: $? = 0
configure:4399: result: yes
configure:4402: checking for C compiler default output file name
configure:4404: result: a.out
configure:4410: checking for suffix of executables
configure:4417: gcc -o conftest  -g -O0   conftest.c  >&5
configure:4421: $? = 0
configure:4443: result: 
configure:4465: checking whether we are cross compiling
configure:4473: gcc -o conftest  -g -O0   conftest.c  >&5
configure:4477: $? = 0
configure:4484: ./conftest
configure:4488: $? = 0
configure:4503: result: no
configure:4508: checking for suffix of object files
configure:4530: gcc -c  -g -O0  conftest.c >&5
configure:4534: $? = 0
configure:4555: result: o
configure:4559: checking whether we are using the GNU C compiler
configure:4578: gcc -c  -g -O0  conftest.c >&5
configure:4578: $? = 0
configure:4587: result: yes
configure:4596: checking whether gcc accepts -g
configure:4616: gcc -c -g  conftest.c >&5
configure:4616: $? = 0
configure:4657: result: yes
configure:4674: checking for gcc option to accept ISO C89
configure:4737: gcc  -c  -g -O0  conftest.c >&5
configure:4737: $? = 0
configure:4750: result: none needed
configure:4775: checking whether gcc understands -c and -o together
configure:4797: gcc -c conftest.c -o conftest2.o
configure:4800: $? = 0
configure:4797: gcc -c conftest.c -o conftest2.o
configure:4800: $? = 0
configure:4812: result: yes
configure:4831: checking dependency style of gcc
configure:4942: result: gcc3
configure:4957: checking for gcc option to accept ISO C99
configure:5106: gcc  -c  -g -O0  conftest.c >&5
configure:5106: $? = 0
configure:5119: result: none needed
configure:5142: checking how to run the C preprocessor
configure:5173: gcc -E  conftest.c
configure:5173: $? = 0
configure:5187: gcc -E  conftest.c
conftest.c:12:28: fatal error: ac_nonexistent.h: No such file or directory
compilation terminated.
configure:5187: $? = 1
configure: failed program was:
| /* confdefs.h */
| #define PACKAGE_NAME "i3lock"
| #define PACKAGE_TARNAME "i3lock"
| #define PACKAGE_VERSION "2.10"
| #define PACKAGE_STRING "i3lock 2.10"
| #define PACKAGE_BUGREPORT "https://github.com/i3/i3lock/issues"
| #define PACKAGE_URL ""
| #define PACKAGE "i3lock"
| #define VERSION "2.10"
| #define I3LOCK_VERSION "2.11.1-non-git"
| /* end confdefs.h.  */
| #include <ac_nonexistent.h>
configure:5212: result: gcc -E
configure:5232: gcc -E  conftest.c
configure:5232: $? = 0
configure:5246: gcc -E  conftest.c
conftest.c:12:28: fatal error: ac_nonexistent.h: No such file or directory
compilation terminated.
configure:5246: $? = 1
configure: failed program was:
| /* confdefs.h */
| #define PACKAGE_NAME "i3lock"
| #define PACKAGE_TARNAME "i3lock"
| #define PACKAGE_VERSION "2.10"
| #define PACKAGE_STRING "i3lock 2.10"
| #define PACKAGE_BUGREPORT "https://github.com/i3/i3lock/issues"
| #define PACKAGE_URL ""
| #define PACKAGE "i3lock"
| #define VERSION "2.10"
| #define I3LOCK_VERSION "2.11.1-non-git"
| /* end confdefs.h.  */
| #include <ac_nonexistent.h>
configure:5275: checking for grep that handles long lines and -e
configure:5333: result: /bin/grep
configure:5338: checking for egrep
configure:5400: result: /bin/grep -E
configure:5405: checking for ANSI C header files
configure:5425: gcc -c  -g -O0  conftest.c >&5
configure:5425: $? = 0
configure:5498: gcc -o conftest  -g -O0   conftest.c  >&5
configure:5498: $? = 0
configure:5498: ./conftest
configure:5498: $? = 0
configure:5509: result: yes
configure:5522: checking for sys/types.h
configure:5522: gcc -c  -g -O0  conftest.c >&5
configure:5522: $? = 0
configure:5522: result: yes
configure:5522: checking for sys/stat.h
configure:5522: gcc -c  -g -O0  conftest.c >&5
configure:5522: $? = 0
configure:5522: result: yes
configure:5522: checking for stdlib.h
configure:5522: gcc -c  -g -O0  conftest.c >&5
configure:5522: $? = 0
configure:5522: result: yes
configure:5522: checking for string.h
configure:5522: gcc -c  -g -O0  conftest.c >&5
configure:5522: $? = 0
configure:5522: result: yes
configure:5522: checking for memory.h
configure:5522: gcc -c  -g -O0  conftest.c >&5
configure:5522: $? = 0
configure:5522: result: yes
configure:5522: checking for strings.h
configure:5522: gcc -c  -g -O0  conftest.c >&5
configure:5522: $? = 0
configure:5522: result: yes
configure:5522: checking for inttypes.h
configure:5522: gcc -c  -g -O0  conftest.c >&5
configure:5522: $? = 0
configure:5522: result: yes
configure:5522: checking for stdint.h
configure:5522: gcc -c  -g -O0  conftest.c >&5
configure:5522: $? = 0
configure:5522: result: yes
configure:5522: checking for unistd.h
configure:5522: gcc -c  -g -O0  conftest.c >&5
configure:5522: $? = 0
configure:5522: result: yes
configure:5535: checking minix/config.h usability
configure:5535: gcc -c  -g -O0  conftest.c >&5
conftest.c:55:26: fatal error: minix/config.h: No such file or directory
compilation terminated.
configure:5535: $? = 1
configure: failed program was:
| /* confdefs.h */
| #define PACKAGE_NAME "i3lock"
| #define PACKAGE_TARNAME "i3lock"
| #define PACKAGE_VERSION "2.10"
| #define PACKAGE_STRING "i3lock 2.10"
| #define PACKAGE_BUGREPORT "https://github.com/i3/i3lock/issues"
| #define PACKAGE_URL ""
| #define PACKAGE "i3lock"
| #define VERSION "2.10"
| #define I3LOCK_VERSION "2.11.1-non-git"
| #define STDC_HEADERS 1
| #define HAVE_SYS_TYPES_H 1
| #define HAVE_SYS_STAT_H 1
| #define HAVE_STDLIB_H 1
| #define HAVE_STRING_H 1
| #define HAVE_MEMORY_H 1
| #define HAVE_STRINGS_H 1
| #define HAVE_INTTYPES_H 1
| #define HAVE_STDINT_H 1
| #define HAVE_UNISTD_H 1
| /* end confdefs.h.  */
| #include <stdio.h>
| #ifdef HAVE_SYS_TYPES_H
| # include <sys/types.h>
| #endif
| #ifdef HAVE_SYS_STAT_H
| # include <sys/stat.h>
| #endif
| #ifdef STDC_HEADERS
| # include <stdlib.h>
| # include <stddef.h>
| #else
| # ifdef HAVE_STDLIB_H
| #  include <stdlib.h>
| # endif
| #endif
| #ifdef HAVE_STRING_H
| # if !defined STDC_HEADERS && defined HAVE_MEMORY_H
| #  include <memory.h>
| # endif
| # include <string.h>
| #endif
| #ifdef HAVE_STRINGS_H
| # include <strings.h>
| #endif
| #ifdef HAVE_INTTYPES_H
| # include <inttypes.h>
| #endif
| #ifdef HAVE_STDINT_H
| # include <stdint.h>
| #endif
| #ifdef HAVE_UNISTD_H
| # include <unistd.h>
| #endif
| #include <minix/config.h>
configure:5535: result: no
configure:5535: checking minix/config.h presence
configure:5535: gcc -E  conftest.c
conftest.c:22:26: fatal error: minix/config.h: No such file or directory
compilation terminated.
configure:5535: $? = 1
configure: failed program was:
| /* confdefs.h */
| #define PACKAGE_NAME "i3lock"
| #define PACKAGE_TARNAME "i3lock"
| #define PACKAGE_VERSION "2.10"
| #define PACKAGE_STRING "i3lock 2.10"
| #define PACKAGE_BUGREPORT "https://github.com/i3/i3lock/issues"
| #define PACKAGE_URL ""
| #define PACKAGE "i3lock"
| #define VERSION "2.10"
| #define I3LOCK_VERSION "2.11.1-non-git"
| #define STDC_HEADERS 1
| #define HAVE_SYS_TYPES_H 1
| #define HAVE_SYS_STAT_H 1
| #define HAVE_STDLIB_H 1
| #define HAVE_STRING_H 1
| #define HAVE_MEMORY_H 1
| #define HAVE_STRINGS_H 1
| #define HAVE_INTTYPES_H 1
| #define HAVE_STDINT_H 1
| #define HAVE_UNISTD_H 1
| /* end confdefs.h.  */
| #include <minix/config.h>
configure:5535: result: no
configure:5535: checking for minix/config.h
configure:5535: result: no
configure:5556: checking whether it is safe to define __EXTENSIONS__
configure:5574: gcc -c  -g -O0  conftest.c >&5
configure:5574: $? = 0
configure:5581: result: yes
configure:5597: checking for stdbool.h that conforms to C99
configure:5664: gcc -c  -g -O0  conftest.c >&5
configure:5664: $? = 0
configure:5671: result: yes
configure:5673: checking for _Bool
configure:5673: gcc -c  -g -O0  conftest.c >&5
configure:5673: $? = 0
configure:5673: gcc -c  -g -O0  conftest.c >&5
conftest.c: In function 'main':
conftest.c:63:20: error: expected expression before ')' token
 if (sizeof ((_Bool)))
                    ^
configure:5673: $? = 1
configure: failed program was:
| /* confdefs.h */
| #define PACKAGE_NAME "i3lock"
| #define PACKAGE_TARNAME "i3lock"
| #define PACKAGE_VERSION "2.10"
| #define PACKAGE_STRING "i3lock 2.10"
| #define PACKAGE_BUGREPORT "https://github.com/i3/i3lock/issues"
| #define PACKAGE_URL ""
| #define PACKAGE "i3lock"
| #define VERSION "2.10"
| #define I3LOCK_VERSION "2.11.1-non-git"
| #define STDC_HEADERS 1
| #define HAVE_SYS_TYPES_H 1
| #define HAVE_SYS_STAT_H 1
| #define HAVE_STDLIB_H 1
| #define HAVE_STRING_H 1
| #define HAVE_MEMORY_H 1
| #define HAVE_STRINGS_H 1
| #define HAVE_INTTYPES_H 1
| #define HAVE_STDINT_H 1
| #define HAVE_UNISTD_H 1
| #define __EXTENSIONS__ 1
| #define _ALL_SOURCE 1
| #define _GNU_SOURCE 1
| #define _POSIX_PTHREAD_SEMANTICS 1
| #define _TANDEM_SOURCE 1
| /* end confdefs.h.  */
| #include <stdio.h>
| #ifdef HAVE_SYS_TYPES_H
| # include <sys/types.h>
| #endif
| #ifdef HAVE_SYS_STAT_H
| # include <sys/stat.h>
| #endif
| #ifdef STDC_HEADERS
| # include <stdlib.h>
| # include <stddef.h>
| #else
| # ifdef HAVE_STDLIB_H
| #  include <stdlib.h>
| # endif
| #endif
| #ifdef HAVE_STRING_H
| # if !defined STDC_HEADERS && defined HAVE_MEMORY_H
| #  include <memory.h>
| # endif
| # include <string.h>
| #endif
| #ifdef HAVE_STRINGS_H
| # include <strings.h>
| #endif
| #ifdef HAVE_INTTYPES_H
| # include <inttypes.h>
| #endif
| #ifdef HAVE_STDINT_H
| # include <stdint.h>
| #endif
| #ifdef HAVE_UNISTD_H
| # include <unistd.h>
| #endif
| int
| main ()
| {
| if (sizeof ((_Bool)))
| 	    return 0;
|   ;
|   return 0;
| }
configure:5673: result: yes
configure:5684: checking for mode_t
configure:5684: gcc -c  -g -O0  conftest.c >&5
configure:5684: $? = 0
configure:5684: gcc -c  -g -O0  conftest.c >&5
conftest.c: In function 'main':
conftest.c:64:21: error: expected expression before ')' token
 if (sizeof ((mode_t)))
                     ^
configure:5684: $? = 1
configure: failed program was:
| /* confdefs.h */
| #define PACKAGE_NAME "i3lock"
| #define PACKAGE_TARNAME "i3lock"
| #define PACKAGE_VERSION "2.10"
| #define PACKAGE_STRING "i3lock 2.10"
| #define PACKAGE_BUGREPORT "https://github.com/i3/i3lock/issues"
| #define PACKAGE_URL ""
| #define PACKAGE "i3lock"
| #define VERSION "2.10"
| #define I3LOCK_VERSION "2.11.1-non-git"
| #define STDC_HEADERS 1
| #define HAVE_SYS_TYPES_H 1
| #define HAVE_SYS_STAT_H 1
| #define HAVE_STDLIB_H 1
| #define HAVE_STRING_H 1
| #define HAVE_MEMORY_H 1
| #define HAVE_STRINGS_H 1
| #define HAVE_INTTYPES_H 1
| #define HAVE_STDINT_H 1
| #define HAVE_UNISTD_H 1
| #define __EXTENSIONS__ 1
| #define _ALL_SOURCE 1
| #define _GNU_SOURCE 1
| #define _POSIX_PTHREAD_SEMANTICS 1
| #define _TANDEM_SOURCE 1
| #define HAVE__BOOL 1
| /* end confdefs.h.  */
| #include <stdio.h>
| #ifdef HAVE_SYS_TYPES_H
| # include <sys/types.h>
| #endif
| #ifdef HAVE_SYS_STAT_H
| # include <sys/stat.h>
| #endif
| #ifdef STDC_HEADERS
| # include <stdlib.h>
| # include <stddef.h>
| #else
| # ifdef HAVE_STDLIB_H
| #  include <stdlib.h>
| # endif
| #endif
| #ifdef HAVE_STRING_H
| # if !defined STDC_HEADERS && defined HAVE_MEMORY_H
| #  include <memory.h>
| # endif
| # include <string.h>
| #endif
| #ifdef HAVE_STRINGS_H
| # include <strings.h>
| #endif
| #ifdef HAVE_INTTYPES_H
| # include <inttypes.h>
| #endif
| #ifdef HAVE_STDINT_H
| # include <stdint.h>
| #endif
| #ifdef HAVE_UNISTD_H
| # include <unistd.h>
| #endif
| int
| main ()
| {
| if (sizeof ((mode_t)))
| 	    return 0;
|   ;
|   return 0;
| }
configure:5684: result: yes
configure:5698: checking for off_t
configure:5698: gcc -c  -g -O0  conftest.c >&5
configure:5698: $? = 0
configure:5698: gcc -c  -g -O0  conftest.c >&5
conftest.c: In function 'main':
conftest.c:65:20: error: expected expression before ')' token
 if (sizeof ((off_t)))
                    ^
configure:5698: $? = 1
configure: failed program was:
| /* confdefs.h */
| #define PACKAGE_NAME "i3lock"
| #define PACKAGE_TARNAME "i3lock"
| #define PACKAGE_VERSION "2.10"
| #define PACKAGE_STRING "i3lock 2.10"
| #define PACKAGE_BUGREPORT "https://github.com/i3/i3lock/issues"
| #define PACKAGE_URL ""
| #define PACKAGE "i3lock"
| #define VERSION "2.10"
| #define I3LOCK_VERSION "2.11.1-non-git"
| #define STDC_HEADERS 1
| #define HAVE_SYS_TYPES_H 1
| #define HAVE_SYS_STAT_H 1
| #define HAVE_STDLIB_H 1
| #define HAVE_STRING_H 1
| #define HAVE_MEMORY_H 1
| #define HAVE_STRINGS_H 1
| #define HAVE_INTTYPES_H 1
| #define HAVE_STDINT_H 1
| #define HAVE_UNISTD_H 1
| #define __EXTENSIONS__ 1
| #define _ALL_SOURCE 1
| #define _GNU_SOURCE 1
| #define _POSIX_PTHREAD_SEMANTICS 1
| #define _TANDEM_SOURCE 1
| #define HAVE__BOOL 1
| #define HAVE_MODE_T 1
| /* end confdefs.h.  */
| #include <stdio.h>
| #ifdef HAVE_SYS_TYPES_H
| # include <sys/types.h>
| #endif
| #ifdef HAVE_SYS_STAT_H
| # include <sys/stat.h>
| #endif
| #ifdef STDC_HEADERS
| # include <stdlib.h>
| # include <stddef.h>
| #else
| # ifdef HAVE_STDLIB_H
| #  include <stdlib.h>
| # endif
| #endif
| #ifdef HAVE_STRING_H
| # if !defined STDC_HEADERS && defined HAVE_MEMORY_H
| #  include <memory.h>
| # endif
| # include <string.h>
| #endif
| #ifdef HAVE_STRINGS_H
| # include <strings.h>
| #endif
| #ifdef HAVE_INTTYPES_H
| # include <inttypes.h>
| #endif
| #ifdef HAVE_STDINT_H
| # include <stdint.h>
| #endif
| #ifdef HAVE_UNISTD_H
| # include <unistd.h>
| #endif
| int
| main ()
| {
| if (sizeof ((off_t)))
| 	    return 0;
|   ;
|   return 0;
| }
configure:5698: result: yes
configure:5712: checking for pid_t
configure:5712: gcc -c  -g -O0  conftest.c >&5
configure:5712: $? = 0
configure:5712: gcc -c  -g -O0  conftest.c >&5
conftest.c: In function 'main':
conftest.c:66:20: error: expected expression before ')' token
 if (sizeof ((pid_t)))
                    ^
configure:5712: $? = 1
configure: failed program was:
| /* confdefs.h */
| #define PACKAGE_NAME "i3lock"
| #define PACKAGE_TARNAME "i3lock"
| #define PACKAGE_VERSION "2.10"
| #define PACKAGE_STRING "i3lock 2.10"
| #define PACKAGE_BUGREPORT "https://github.com/i3/i3lock/issues"
| #define PACKAGE_URL ""
| #define PACKAGE "i3lock"
| #define VERSION "2.10"
| #define I3LOCK_VERSION "2.11.1-non-git"
| #define STDC_HEADERS 1
| #define HAVE_SYS_TYPES_H 1
| #define HAVE_SYS_STAT_H 1
| #define HAVE_STDLIB_H 1
| #define HAVE_STRING_H 1
| #define HAVE_MEMORY_H 1
| #define HAVE_STRINGS_H 1
| #define HAVE_INTTYPES_H 1
| #define HAVE_STDINT_H 1
| #define HAVE_UNISTD_H 1
| #define __EXTENSIONS__ 1
| #define _ALL_SOURCE 1
| #define _GNU_SOURCE 1
| #define _POSIX_PTHREAD_SEMANTICS 1
| #define _TANDEM_SOURCE 1
| #define HAVE__BOOL 1
| #define HAVE_MODE_T 1
| #define HAVE_OFF_T 1
| /* end confdefs.h.  */
| #include <stdio.h>
| #ifdef HAVE_SYS_TYPES_H
| # include <sys/types.h>
| #endif
| #ifdef HAVE_SYS_STAT_H
| # include <sys/stat.h>
| #endif
| #ifdef STDC_HEADERS
| # include <stdlib.h>
| # include <stddef.h>
| #else
| # ifdef HAVE_STDLIB_H
| #  include <stdlib.h>
| # endif
| #endif
| #ifdef HAVE_STRING_H
| # if !defined STDC_HEADERS && defined HAVE_MEMORY_H
| #  include <memory.h>
| # endif
| # include <string.h>
| #endif
| #ifdef HAVE_STRINGS_H
| # include <strings.h>
| #endif
| #ifdef HAVE_INTTYPES_H
| # include <inttypes.h>
| #endif
| #ifdef HAVE_STDINT_H
| # include <stdint.h>
| #endif
| #ifdef HAVE_UNISTD_H
| # include <unistd.h>
| #endif
| int
| main ()
| {
| if (sizeof ((pid_t)))
| 	    return 0;
|   ;
|   return 0;
| }
configure:5712: result: yes
configure:5726: checking for size_t
configure:5726: gcc -c  -g -O0  conftest.c >&5
configure:5726: $? = 0
configure:5726: gcc -c  -g -O0  conftest.c >&5
conftest.c: In function 'main':
conftest.c:67:21: error: expected expression before ')' token
 if (sizeof ((size_t)))
                     ^
configure:5726: $? = 1
configure: failed program was:
| /* confdefs.h */
| #define PACKAGE_NAME "i3lock"
| #define PACKAGE_TARNAME "i3lock"
| #define PACKAGE_VERSION "2.10"
| #define PACKAGE_STRING "i3lock 2.10"
| #define PACKAGE_BUGREPORT "https://github.com/i3/i3lock/issues"
| #define PACKAGE_URL ""
| #define PACKAGE "i3lock"
| #define VERSION "2.10"
| #define I3LOCK_VERSION "2.11.1-non-git"
| #define STDC_HEADERS 1
| #define HAVE_SYS_TYPES_H 1
| #define HAVE_SYS_STAT_H 1
| #define HAVE_STDLIB_H 1
| #define HAVE_STRING_H 1
| #define HAVE_MEMORY_H 1
| #define HAVE_STRINGS_H 1
| #define HAVE_INTTYPES_H 1
| #define HAVE_STDINT_H 1
| #define HAVE_UNISTD_H 1
| #define __EXTENSIONS__ 1
| #define _ALL_SOURCE 1
| #define _GNU_SOURCE 1
| #define _POSIX_PTHREAD_SEMANTICS 1
| #define _TANDEM_SOURCE 1
| #define HAVE__BOOL 1
| #define HAVE_MODE_T 1
| #define HAVE_OFF_T 1
| #define HAVE_PID_T 1
| /* end confdefs.h.  */
| #include <stdio.h>
| #ifdef HAVE_SYS_TYPES_H
| # include <sys/types.h>
| #endif
| #ifdef HAVE_SYS_STAT_H
| # include <sys/stat.h>
| #endif
| #ifdef STDC_HEADERS
| # include <stdlib.h>
| # include <stddef.h>
| #else
| # ifdef HAVE_STDLIB_H
| #  include <stdlib.h>
| # endif
| #endif
| #ifdef HAVE_STRING_H
| # if !defined STDC_HEADERS && defined HAVE_MEMORY_H
| #  include <memory.h>
| # endif
| # include <string.h>
| #endif
| #ifdef HAVE_STRINGS_H
| # include <strings.h>
| #endif
| #ifdef HAVE_INTTYPES_H
| # include <inttypes.h>
| #endif
| #ifdef HAVE_STDINT_H
| # include <stdint.h>
| #endif
| #ifdef HAVE_UNISTD_H
| # include <unistd.h>
| #endif
| int
| main ()
| {
| if (sizeof ((size_t)))
| 	    return 0;
|   ;
|   return 0;
| }
configure:5726: result: yes
configure:5740: checking for ssize_t
configure:5740: gcc -c  -g -O0  conftest.c >&5
configure:5740: $? = 0
configure:5740: gcc -c  -g -O0  conftest.c >&5
conftest.c: In function 'main':
conftest.c:68:22: error: expected expression before ')' token
 if (sizeof ((ssize_t)))
                      ^
configure:5740: $? = 1
configure: failed program was:
| /* confdefs.h */
| #define PACKAGE_NAME "i3lock"
| #define PACKAGE_TARNAME "i3lock"
| #define PACKAGE_VERSION "2.10"
| #define PACKAGE_STRING "i3lock 2.10"
| #define PACKAGE_BUGREPORT "https://github.com/i3/i3lock/issues"
| #define PACKAGE_URL ""
| #define PACKAGE "i3lock"
| #define VERSION "2.10"
| #define I3LOCK_VERSION "2.11.1-non-git"
| #define STDC_HEADERS 1
| #define HAVE_SYS_TYPES_H 1
| #define HAVE_SYS_STAT_H 1
| #define HAVE_STDLIB_H 1
| #define HAVE_STRING_H 1
| #define HAVE_MEMORY_H 1
| #define HAVE_STRINGS_H 1
| #define HAVE_INTTYPES_H 1
| #define HAVE_STDINT_H 1
| #define HAVE_UNISTD_H 1
| #define __EXTENSIONS__ 1
| #define _ALL_SOURCE 1
| #define _GNU_SOURCE 1
| #define _POSIX_PTHREAD_SEMANTICS 1
| #define _TANDEM_SOURCE 1
| #define HAVE__BOOL 1
| #define HAVE_MODE_T 1
| #define HAVE_OFF_T 1
| #define HAVE_PID_T 1
| #define HAVE_SIZE_T 1
| /* end confdefs.h.  */
| #include <stdio.h>
| #ifdef HAVE_SYS_TYPES_H
| # include <sys/types.h>
| #endif
| #ifdef HAVE_SYS_STAT_H
| # include <sys/stat.h>
| #endif
| #ifdef STDC_HEADERS
| # include <stdlib.h>
| # include <stddef.h>
| #else
| # ifdef HAVE_STDLIB_H
| #  include <stdlib.h>
| # endif
| #endif
| #ifdef HAVE_STRING_H
| # if !defined STDC_HEADERS && defined HAVE_MEMORY_H
| #  include <memory.h>
| # endif
| # include <string.h>
| #endif
| #ifdef HAVE_STRINGS_H
| # include <strings.h>
| #endif
| #ifdef HAVE_INTTYPES_H
| # include <inttypes.h>
| #endif
| #ifdef HAVE_STDINT_H
| # include <stdint.h>
| #endif
| #ifdef HAVE_UNISTD_H
| # include <unistd.h>
| #endif
| int
| main ()
| {
| if (sizeof ((ssize_t)))
| 	    return 0;
|   ;
|   return 0;
| }
configure:5740: result: yes
configure:5757: checking for pid_t
configure:5757: result: yes
configure:5770: checking vfork.h usability
configure:5770: gcc -c  -g -O0  conftest.c >&5
conftest.c:66:19: fatal error: vfork.h: No such file or directory
compilation terminated.
configure:5770: $? = 1
configure: failed program was:
| /* confdefs.h */
| #define PACKAGE_NAME "i3lock"
| #define PACKAGE_TARNAME "i3lock"
| #define PACKAGE_VERSION "2.10"
| #define PACKAGE_STRING "i3lock 2.10"
| #define PACKAGE_BUGREPORT "https://github.com/i3/i3lock/issues"
| #define PACKAGE_URL ""
| #define PACKAGE "i3lock"
| #define VERSION "2.10"
| #define I3LOCK_VERSION "2.11.1-non-git"
| #define STDC_HEADERS 1
| #define HAVE_SYS_TYPES_H 1
| #define HAVE_SYS_STAT_H 1
| #define HAVE_STDLIB_H 1
| #define HAVE_STRING_H 1
| #define HAVE_MEMORY_H 1
| #define HAVE_STRINGS_H 1
| #define HAVE_INTTYPES_H 1
| #define HAVE_STDINT_H 1
| #define HAVE_UNISTD_H 1
| #define __EXTENSIONS__ 1
| #define _ALL_SOURCE 1
| #define _GNU_SOURCE 1
| #define _POSIX_PTHREAD_SEMANTICS 1
| #define _TANDEM_SOURCE 1
| #define HAVE__BOOL 1
| #define HAVE_MODE_T 1
| #define HAVE_OFF_T 1
| #define HAVE_PID_T 1
| #define HAVE_SIZE_T 1
| #define HAVE_SSIZE_T 1
| /* end confdefs.h.  */
| #include <stdio.h>
| #ifdef HAVE_SYS_TYPES_H
| # include <sys/types.h>
| #endif
| #ifdef HAVE_SYS_STAT_H
| # include <sys/stat.h>
| #endif
| #ifdef STDC_HEADERS
| # include <stdlib.h>
| # include <stddef.h>
| #else
| # ifdef HAVE_STDLIB_H
| #  include <stdlib.h>
| # endif
| #endif
| #ifdef HAVE_STRING_H
| # if !defined STDC_HEADERS && defined HAVE_MEMORY_H
| #  include <memory.h>
| # endif
| # include <string.h>
| #endif
| #ifdef HAVE_STRINGS_H
| # include <strings.h>
| #endif
| #ifdef HAVE_INTTYPES_H
| # include <inttypes.h>
| #endif
| #ifdef HAVE_STDINT_H
| # include <stdint.h>
| #endif
| #ifdef HAVE_UNISTD_H
| # include <unistd.h>
| #endif
| #include <vfork.h>
configure:5770: result: no
configure:5770: checking vfork.h presence
configure:5770: gcc -E  conftest.c
conftest.c:33:19: fatal error: vfork.h: No such file or directory
compilation terminated.
configure:5770: $? = 1
configure: failed program was:
| /* confdefs.h */
| #define PACKAGE_NAME "i3lock"
| #define PACKAGE_TARNAME "i3lock"
| #define PACKAGE_VERSION "2.10"
| #define PACKAGE_STRING "i3lock 2.10"
| #define PACKAGE_BUGREPORT "https://github.com/i3/i3lock/issues"
| #define PACKAGE_URL ""
| #define PACKAGE "i3lock"
| #define VERSION "2.10"
| #define I3LOCK_VERSION "2.11.1-non-git"
| #define STDC_HEADERS 1
| #define HAVE_SYS_TYPES_H 1
| #define HAVE_SYS_STAT_H 1
| #define HAVE_STDLIB_H 1
| #define HAVE_STRING_H 1
| #define HAVE_MEMORY_H 1
| #define HAVE_STRINGS_H 1
| #define HAVE_INTTYPES_H 1
| #define HAVE_STDINT_H 1
| #define HAVE_UNISTD_H 1
| #define __EXTENSIONS__ 1
| #define _ALL_SOURCE 1
| #define _GNU_SOURCE 1
| #define _POSIX_PTHREAD_SEMANTICS 1
| #define _TANDEM_SOURCE 1
| #define HAVE__BOOL 1
| #define HAVE_MODE_T 1
| #define HAVE_OFF_T 1
| #define HAVE_PID_T 1
| #define HAVE_SIZE_T 1
| #define HAVE_SSIZE_T 1
| /* end confdefs.h.  */
| #include <vfork.h>
configure:5770: result: no
configure:5770: checking for vfork.h
configure:5770: result: no
configure:5783: checking for fork
configure:5783: gcc -o conftest  -g -O0   conftest.c  >&5
conftest.c:56:6: warning: conflicting types for built-in function 'fork'
 char fork ();
      ^
configure:5783: $? = 0
configure:5783: result: yes
configure:5783: checking for vfork
configure:5783: gcc -o conftest  -g -O0   conftest.c  >&5
configure:5783: $? = 0
configure:5783: result: yes
configure:5793: checking for working fork
configure:5815: gcc -o conftest  -g -O0   conftest.c  >&5
configure:5815: $? = 0
configure:5815: ./conftest
configure:5815: $? = 0
configure:5825: result: yes
configure:5846: checking for working vfork
configure:5956: result: yes
configure:5981: checking whether lstat correctly handles trailing slash
configure:6007: gcc -o conftest  -g -O0   conftest.c  >&5
configure:6007: $? = 0
configure:6007: ./conftest
configure:6007: $? = 0
configure:6024: result: yes
configure:6043: checking for working strnlen
configure:6081: gcc -o conftest  -g -O0   conftest.c  >&5
configure:6081: $? = 0
configure:6081: ./conftest
configure:6081: $? = 0
configure:6091: result: yes
configure:6103: checking for atexit
configure:6103: gcc -o conftest  -g -O0   conftest.c  >&5
configure:6103: $? = 0
configure:6103: result: yes
configure:6103: checking for dup2
configure:6103: gcc -o conftest  -g -O0   conftest.c  >&5
configure:6103: $? = 0
configure:6103: result: yes
configure:6103: checking for ftruncate
configure:6103: gcc -o conftest  -g -O0   conftest.c  >&5
configure:6103: $? = 0
configure:6103: result: yes
configure:6103: checking for getcwd
configure:6103: gcc -o conftest  -g -O0   conftest.c  >&5
configure:6103: $? = 0
configure:6103: result: yes
configure:6103: checking for gettimeofday
configure:6103: gcc -o conftest  -g -O0   conftest.c  >&5
configure:6103: $? = 0
configure:6103: result: yes
configure:6103: checking for localtime_r
configure:6103: gcc -o conftest  -g -O0   conftest.c  >&5
configure:6103: $? = 0
configure:6103: result: yes
configure:6103: checking for memchr
configure:6103: gcc -o conftest  -g -O0   conftest.c  >&5
conftest.c:67:6: warning: conflicting types for built-in function 'memchr'
 char memchr ();
      ^
configure:6103: $? = 0
configure:6103: result: yes
configure:6103: checking for memset
configure:6103: gcc -o conftest  -g -O0   conftest.c  >&5
conftest.c:68:6: warning: conflicting types for built-in function 'memset'
 char memset ();
      ^
configure:6103: $? = 0
configure:6103: result: yes
configure:6103: checking for mkdir
configure:6103: gcc -o conftest  -g -O0   conftest.c  >&5
configure:6103: $? = 0
configure:6103: result: yes
configure:6103: checking for rmdir
configure:6103: gcc -o conftest  -g -O0   conftest.c  >&5
configure:6103: $? = 0
configure:6103: result: yes
configure:6103: checking for setlocale
configure:6103: gcc -o conftest  -g -O0   conftest.c  >&5
configure:6103: $? = 0
configure:6103: result: yes
configure:6103: checking for socket
configure:6103: gcc -o conftest  -g -O0   conftest.c  >&5
configure:6103: $? = 0
configure:6103: result: yes
configure:6103: checking for strcasecmp
configure:6103: gcc -o conftest  -g -O0   conftest.c  >&5
conftest.c:73:6: warning: conflicting types for built-in function 'strcasecmp'
 char strcasecmp ();
      ^
configure:6103: $? = 0
configure:6103: result: yes
configure:6103: checking for strchr
configure:6103: gcc -o conftest  -g -O0   conftest.c  >&5
conftest.c:74:6: warning: conflicting types for built-in function 'strchr'
 char strchr ();
      ^
configure:6103: $? = 0
configure:6103: result: yes
configure:6103: checking for strdup
configure:6103: gcc -o conftest  -g -O0   conftest.c  >&5
conftest.c:75:6: warning: conflicting types for built-in function 'strdup'
 char strdup ();
      ^
configure:6103: $? = 0
configure:6103: result: yes
configure:6103: checking for strerror
configure:6103: gcc -o conftest  -g -O0   conftest.c  >&5
configure:6103: $? = 0
configure:6103: result: yes
configure:6103: checking for strncasecmp
configure:6103: gcc -o conftest  -g -O0   conftest.c  >&5
conftest.c:77:6: warning: conflicting types for built-in function 'strncasecmp'
 char strncasecmp ();
      ^
configure:6103: $? = 0
configure:6103: result: yes
configure:6103: checking for strndup
configure:6103: gcc -o conftest  -g -O0   conftest.c  >&5
conftest.c:78:6: warning: conflicting types for built-in function 'strndup'
 char strndup ();
      ^
configure:6103: $? = 0
configure:6103: result: yes
configure:6103: checking for strrchr
configure:6103: gcc -o conftest  -g -O0   conftest.c  >&5
conftest.c:79:6: warning: conflicting types for built-in function 'strrchr'
 char strrchr ();
      ^
configure:6103: $? = 0
configure:6103: result: yes
configure:6103: checking for strspn
configure:6103: gcc -o conftest  -g -O0   conftest.c  >&5
conftest.c:80:6: warning: conflicting types for built-in function 'strspn'
 char strspn ();
      ^
configure:6103: $? = 0
configure:6103: result: yes
configure:6103: checking for strstr
configure:6103: gcc -o conftest  -g -O0   conftest.c  >&5
conftest.c:81:6: warning: conflicting types for built-in function 'strstr'
 char strstr ();
      ^
configure:6103: $? = 0
configure:6103: result: yes
configure:6103: checking for strtol
configure:6103: gcc -o conftest  -g -O0   conftest.c  >&5
configure:6103: $? = 0
configure:6103: result: yes
configure:6103: checking for strtoul
configure:6103: gcc -o conftest  -g -O0   conftest.c  >&5
configure:6103: $? = 0
configure:6103: result: yes
configure:6120: checking for library containing floor
configure:6151: gcc -o conftest  -g -O0   conftest.c  >&5
conftest.c:68:6: warning: conflicting types for built-in function 'floor'
 char floor ();
      ^
/tmp/ccflPMgv.o: In function `main':
/home/mahooly/Downloads/i3lock-master/build/conftest.c:72: undefined reference to `floor'
collect2: error: ld returned 1 exit status
configure:6151: $? = 1
configure: failed program was:
| /* confdefs.h */
| #define PACKAGE_NAME "i3lock"
| #define PACKAGE_TARNAME "i3lock"
| #define PACKAGE_VERSION "2.10"
| #define PACKAGE_STRING "i3lock 2.10"
| #define PACKAGE_BUGREPORT "https://github.com/i3/i3lock/issues"
| #define PACKAGE_URL ""
| #define PACKAGE "i3lock"
| #define VERSION "2.10"
| #define I3LOCK_VERSION "2.11.1-non-git"
| #define STDC_HEADERS 1
| #define HAVE_SYS_TYPES_H 1
| #define HAVE_SYS_STAT_H 1
| #define HAVE_STDLIB_H 1
| #define HAVE_STRING_H 1
| #define HAVE_MEMORY_H 1
| #define HAVE_STRINGS_H 1
| #define HAVE_INTTYPES_H 1
| #define HAVE_STDINT_H 1
| #define HAVE_UNISTD_H 1
| #define __EXTENSIONS__ 1
| #define _ALL_SOURCE 1
| #define _GNU_SOURCE 1
| #define _POSIX_PTHREAD_SEMANTICS 1
| #define _TANDEM_SOURCE 1
| #define HAVE__BOOL 1
| #define HAVE_MODE_T 1
| #define HAVE_OFF_T 1
| #define HAVE_PID_T 1
| #define HAVE_SIZE_T 1
| #define HAVE_SSIZE_T 1
| #define HAVE_FORK 1
| #define HAVE_VFORK 1
| #define HAVE_WORKING_VFORK 1
| #define HAVE_WORKING_FORK 1
| #define LSTAT_FOLLOWS_SLASHED_SYMLINK 1
| #define HAVE_ATEXIT 1
| #define HAVE_DUP2 1
| #define HAVE_FTRUNCATE 1
| #define HAVE_GETCWD 1
| #define HAVE_GETTIMEOFDAY 1
| #define HAVE_LOCALTIME_R 1
| #define HAVE_MEMCHR 1
| #define HAVE_MEMSET 1
| #define HAVE_MKDIR 1
| #define HAVE_RMDIR 1
| #define HAVE_SETLOCALE 1
| #define HAVE_SOCKET 1
| #define HAVE_STRCASECMP 1
| #define HAVE_STRCHR 1
| #define HAVE_STRDUP 1
| #define HAVE_STRERROR 1
| #define HAVE_STRNCASECMP 1
| #define HAVE_STRNDUP 1
| #define HAVE_STRRCHR 1
| #define HAVE_STRSPN 1
| #define HAVE_STRSTR 1
| #define HAVE_STRTOL 1
| #define HAVE_STRTOUL 1
| /* end confdefs.h.  */
| 
| /* Override any GCC internal prototype to avoid an error.
|    Use char because int might match the return type of a GCC
|    builtin and then its argument prototype would still apply.  */
| #ifdef __cplusplus
| extern "C"
| #endif
| char floor ();
| int
| main ()
| {
| return floor ();
|   ;
|   return 0;
| }
configure:6151: gcc -o conftest  -g -O0   conftest.c -lm   >&5
conftest.c:68:6: warning: conflicting types for built-in function 'floor'
 char floor ();
      ^
configure:6151: $? = 0
configure:6168: result: -lm
configure:6183: checking for library containing ev_run
configure:6214: gcc -o conftest  -g -O0   conftest.c -lm  >&5
/tmp/ccjA04aH.o: In function `main':
/home/mahooly/Downloads/i3lock-master/build/conftest.c:72: undefined reference to `ev_run'
collect2: error: ld returned 1 exit status
configure:6214: $? = 1
configure: failed program was:
| /* confdefs.h */
| #define PACKAGE_NAME "i3lock"
| #define PACKAGE_TARNAME "i3lock"
| #define PACKAGE_VERSION "2.10"
| #define PACKAGE_STRING "i3lock 2.10"
| #define PACKAGE_BUGREPORT "https://github.com/i3/i3lock/issues"
| #define PACKAGE_URL ""
| #define PACKAGE "i3lock"
| #define VERSION "2.10"
| #define I3LOCK_VERSION "2.11.1-non-git"
| #define STDC_HEADERS 1
| #define HAVE_SYS_TYPES_H 1
| #define HAVE_SYS_STAT_H 1
| #define HAVE_STDLIB_H 1
| #define HAVE_STRING_H 1
| #define HAVE_MEMORY_H 1
| #define HAVE_STRINGS_H 1
| #define HAVE_INTTYPES_H 1
| #define HAVE_STDINT_H 1
| #define HAVE_UNISTD_H 1
| #define __EXTENSIONS__ 1
| #define _ALL_SOURCE 1
| #define _GNU_SOURCE 1
| #define _POSIX_PTHREAD_SEMANTICS 1
| #define _TANDEM_SOURCE 1
| #define HAVE__BOOL 1
| #define HAVE_MODE_T 1
| #define HAVE_OFF_T 1
| #define HAVE_PID_T 1
| #define HAVE_SIZE_T 1
| #define HAVE_SSIZE_T 1
| #define HAVE_FORK 1
| #define HAVE_VFORK 1
| #define HAVE_WORKING_VFORK 1
| #define HAVE_WORKING_FORK 1
| #define LSTAT_FOLLOWS_SLASHED_SYMLINK 1
| #define HAVE_ATEXIT 1
| #define HAVE_DUP2 1
| #define HAVE_FTRUNCATE 1
| #define HAVE_GETCWD 1
| #define HAVE_GETTIMEOFDAY 1
| #define HAVE_LOCALTIME_R 1
| #define HAVE_MEMCHR 1
| #define HAVE_MEMSET 1
| #define HAVE_MKDIR 1
| #define HAVE_RMDIR 1
| #define HAVE_SETLOCALE 1
| #define HAVE_SOCKET 1
| #define HAVE_STRCASECMP 1
| #define HAVE_STRCHR 1
| #define HAVE_STRDUP 1
| #define HAVE_STRERROR 1
| #define HAVE_STRNCASECMP 1
| #define HAVE_STRNDUP 1
| #define HAVE_STRRCHR 1
| #define HAVE_STRSPN 1
| #define HAVE_STRSTR 1
| #define HAVE_STRTOL 1
| #define HAVE_STRTOUL 1
| /* end confdefs.h.  */
| 
| /* Override any GCC internal prototype to avoid an error.
|    Use char because int might match the return type of a GCC
|    builtin and then its argument prototype would still apply.  */
| #ifdef __cplusplus
| extern "C"
| #endif
| char ev_run ();
| int
| main ()
| {
| return ev_run ();
|   ;
|   return 0;
| }
configure:6214: gcc -o conftest  -g -O0   conftest.c -lev  -lm  >&5
configure:6214: $? = 0
configure:6231: result: -lev
configure:6245: checking for library containing shm_open
configure:6276: gcc -o conftest  -g -O0   conftest.c -lev -lm  >&5
/tmp/ccXGxeyO.o: In function `main':
/home/mahooly/Downloads/i3lock-master/build/conftest.c:72: undefined reference to `shm_open'
collect2: error: ld returned 1 exit status
configure:6276: $? = 1
configure: failed program was:
| /* confdefs.h */
| #define PACKAGE_NAME "i3lock"
| #define PACKAGE_TARNAME "i3lock"
| #define PACKAGE_VERSION "2.10"
| #define PACKAGE_STRING "i3lock 2.10"
| #define PACKAGE_BUGREPORT "https://github.com/i3/i3lock/issues"
| #define PACKAGE_URL ""
| #define PACKAGE "i3lock"
| #define VERSION "2.10"
| #define I3LOCK_VERSION "2.11.1-non-git"
| #define STDC_HEADERS 1
| #define HAVE_SYS_TYPES_H 1
| #define HAVE_SYS_STAT_H 1
| #define HAVE_STDLIB_H 1
| #define HAVE_STRING_H 1
| #define HAVE_MEMORY_H 1
| #define HAVE_STRINGS_H 1
| #define HAVE_INTTYPES_H 1
| #define HAVE_STDINT_H 1
| #define HAVE_UNISTD_H 1
| #define __EXTENSIONS__ 1
| #define _ALL_SOURCE 1
| #define _GNU_SOURCE 1
| #define _POSIX_PTHREAD_SEMANTICS 1
| #define _TANDEM_SOURCE 1
| #define HAVE__BOOL 1
| #define HAVE_MODE_T 1
| #define HAVE_OFF_T 1
| #define HAVE_PID_T 1
| #define HAVE_SIZE_T 1
| #define HAVE_SSIZE_T 1
| #define HAVE_FORK 1
| #define HAVE_VFORK 1
| #define HAVE_WORKING_VFORK 1
| #define HAVE_WORKING_FORK 1
| #define LSTAT_FOLLOWS_SLASHED_SYMLINK 1
| #define HAVE_ATEXIT 1
| #define HAVE_DUP2 1
| #define HAVE_FTRUNCATE 1
| #define HAVE_GETCWD 1
| #define HAVE_GETTIMEOFDAY 1
| #define HAVE_LOCALTIME_R 1
| #define HAVE_MEMCHR 1
| #define HAVE_MEMSET 1
| #define HAVE_MKDIR 1
| #define HAVE_RMDIR 1
| #define HAVE_SETLOCALE 1
| #define HAVE_SOCKET 1
| #define HAVE_STRCASECMP 1
| #define HAVE_STRCHR 1
| #define HAVE_STRDUP 1
| #define HAVE_STRERROR 1
| #define HAVE_STRNCASECMP 1
| #define HAVE_STRNDUP 1
| #define HAVE_STRRCHR 1
| #define HAVE_STRSPN 1
| #define HAVE_STRSTR 1
| #define HAVE_STRTOL 1
| #define HAVE_STRTOUL 1
| /* end confdefs.h.  */
| 
| /* Override any GCC internal prototype to avoid an error.
|    Use char because int might match the return type of a GCC
|    builtin and then its argument prototype would still apply.  */
| #ifdef __cplusplus
| extern "C"
| #endif
| char shm_open ();
| int
| main ()
| {
| return shm_open ();
|   ;
|   return 0;
| }
configure:6276: gcc -o conftest  -g -O0   conftest.c -lrt  -lev -lm  >&5
configure:6276: $? = 0
configure:6293: result: -lrt
configure:6308: checking for library containing pam_authenticate
configure:6339: gcc -o conftest  -g -O0   conftest.c -lrt -lev -lm  >&5
/tmp/ccH6UUcW.o: In function `main':
/home/mahooly/Downloads/i3lock-master/build/conftest.c:72: undefined reference to `pam_authenticate'
collect2: error: ld returned 1 exit status
configure:6339: $? = 1
configure: failed program was:
| /* confdefs.h */
| #define PACKAGE_NAME "i3lock"
| #define PACKAGE_TARNAME "i3lock"
| #define PACKAGE_VERSION "2.10"
| #define PACKAGE_STRING "i3lock 2.10"
| #define PACKAGE_BUGREPORT "https://github.com/i3/i3lock/issues"
| #define PACKAGE_URL ""
| #define PACKAGE "i3lock"
| #define VERSION "2.10"
| #define I3LOCK_VERSION "2.11.1-non-git"
| #define STDC_HEADERS 1
| #define HAVE_SYS_TYPES_H 1
| #define HAVE_SYS_STAT_H 1
| #define HAVE_STDLIB_H 1
| #define HAVE_STRING_H 1
| #define HAVE_MEMORY_H 1
| #define HAVE_STRINGS_H 1
| #define HAVE_INTTYPES_H 1
| #define HAVE_STDINT_H 1
| #define HAVE_UNISTD_H 1
| #define __EXTENSIONS__ 1
| #define _ALL_SOURCE 1
| #define _GNU_SOURCE 1
| #define _POSIX_PTHREAD_SEMANTICS 1
| #define _TANDEM_SOURCE 1
| #define HAVE__BOOL 1
| #define HAVE_MODE_T 1
| #define HAVE_OFF_T 1
| #define HAVE_PID_T 1
| #define HAVE_SIZE_T 1
| #define HAVE_SSIZE_T 1
| #define HAVE_FORK 1
| #define HAVE_VFORK 1
| #define HAVE_WORKING_VFORK 1
| #define HAVE_WORKING_FORK 1
| #define LSTAT_FOLLOWS_SLASHED_SYMLINK 1
| #define HAVE_ATEXIT 1
| #define HAVE_DUP2 1
| #define HAVE_FTRUNCATE 1
| #define HAVE_GETCWD 1
| #define HAVE_GETTIMEOFDAY 1
| #define HAVE_LOCALTIME_R 1
| #define HAVE_MEMCHR 1
| #define HAVE_MEMSET 1
| #define HAVE_MKDIR 1
| #define HAVE_RMDIR 1
| #define HAVE_SETLOCALE 1
| #define HAVE_SOCKET 1
| #define HAVE_STRCASECMP 1
| #define HAVE_STRCHR 1
| #define HAVE_STRDUP 1
| #define HAVE_STRERROR 1
| #define HAVE_STRNCASECMP 1
| #define HAVE_STRNDUP 1
| #define HAVE_STRRCHR 1
| #define HAVE_STRSPN 1
| #define HAVE_STRSTR 1
| #define HAVE_STRTOL 1
| #define HAVE_STRTOUL 1
| /* end confdefs.h.  */
| 
| /* Override any GCC internal prototype to avoid an error.
|    Use char because int might match the return type of a GCC
|    builtin and then its argument prototype would still apply.  */
| #ifdef __cplusplus
| extern "C"
| #endif
| char pam_authenticate ();
| int
| main ()
| {
| return pam_authenticate ();
|   ;
|   return 0;
| }
configure:6339: gcc -o conftest  -g -O0   conftest.c -lpam  -lrt -lev -lm  >&5
configure:6339: $? = 0
configure:6356: result: -lpam
configure:6367: checking for library containing iconv_open
configure:6398: gcc -o conftest  -g -O0   conftest.c -lpam -lrt -lev -lm  >&5
configure:6398: $? = 0
configure:6415: result: none required
configure:6483: checking for pkg-config
configure:6501: found /usr/bin/pkg-config
configure:6513: result: /usr/bin/pkg-config
configure:6538: checking pkg-config is at least version 0.9.0
configure:6541: result: yes
configure:6551: checking for XCB
configure:6558: $PKG_CONFIG --exists --print-errors "xcb xcb-xkb xcb-xinerama xcb-randr"
configure:6561: $? = 0
configure:6575: $PKG_CONFIG --exists --print-errors "xcb xcb-xkb xcb-xinerama xcb-randr"
configure:6578: $? = 0
configure:6636: result: yes
configure:6642: checking for XCB_IMAGE
configure:6649: $PKG_CONFIG --exists --print-errors "xcb-image"
configure:6652: $? = 0
configure:6666: $PKG_CONFIG --exists --print-errors "xcb-image"
configure:6669: $? = 0
configure:6727: result: yes
configure:6733: checking for XCB_UTIL
configure:6740: $PKG_CONFIG --exists --print-errors "xcb-event xcb-util xcb-atom"
configure:6743: $? = 0
configure:6757: $PKG_CONFIG --exists --print-errors "xcb-event xcb-util xcb-atom"
configure:6760: $? = 0
configure:6818: result: yes
configure:6824: checking for XCB_UTIL_XRM
configure:6831: $PKG_CONFIG --exists --print-errors "xcb-xrm"
configure:6834: $? = 0
configure:6848: $PKG_CONFIG --exists --print-errors "xcb-xrm"
configure:6851: $? = 0
configure:6909: result: yes
configure:6915: checking for XKBCOMMON
configure:6922: $PKG_CONFIG --exists --print-errors "xkbcommon xkbcommon-x11"
configure:6925: $? = 0
configure:6939: $PKG_CONFIG --exists --print-errors "xkbcommon xkbcommon-x11"
configure:6942: $? = 0
configure:7000: result: yes
configure:7006: checking for CAIRO
configure:7013: $PKG_CONFIG --exists --print-errors "cairo"
configure:7016: $? = 0
configure:7030: $PKG_CONFIG --exists --print-errors "cairo"
configure:7033: $? = 0
configure:7091: result: yes
configure:7101: checking for gawk
configure:7128: result: mawk
configure:7144: checking how to run the C preprocessor
configure:7214: result: gcc -E
configure:7234: gcc -E  conftest.c
configure:7234: $? = 0
configure:7248: gcc -E  conftest.c
conftest.c:61:28: fatal error: ac_nonexistent.h: No such file or directory
compilation terminated.
configure:7248: $? = 1
configure: failed program was:
| /* confdefs.h */
| #define PACKAGE_NAME "i3lock"
| #define PACKAGE_TARNAME "i3lock"
| #define PACKAGE_VERSION "2.10"
| #define PACKAGE_STRING "i3lock 2.10"
| #define PACKAGE_BUGREPORT "https://github.com/i3/i3lock/issues"
| #define PACKAGE_URL ""
| #define PACKAGE "i3lock"
| #define VERSION "2.10"
| #define I3LOCK_VERSION "2.11.1-non-git"
| #define STDC_HEADERS 1
| #define HAVE_SYS_TYPES_H 1
| #define HAVE_SYS_STAT_H 1
| #define HAVE_STDLIB_H 1
| #define HAVE_STRING_H 1
| #define HAVE_MEMORY_H 1
| #define HAVE_STRINGS_H 1
| #define HAVE_INTTYPES_H 1
| #define HAVE_STDINT_H 1
| #define HAVE_UNISTD_H 1
| #define __EXTENSIONS__ 1
| #define _ALL_SOURCE 1
| #define _GNU_SOURCE 1
| #define _POSIX_PTHREAD_SEMANTICS 1
| #define _TANDEM_SOURCE 1
| #define HAVE__BOOL 1
| #define HAVE_MODE_T 1
| #define HAVE_OFF_T 1
| #define HAVE_PID_T 1
| #define HAVE_SIZE_T 1
| #define HAVE_SSIZE_T 1
| #define HAVE_FORK 1
| #define HAVE_VFORK 1
| #define HAVE_WORKING_VFORK 1
| #define HAVE_WORKING_FORK 1
| #define LSTAT_FOLLOWS_SLASHED_SYMLINK 1
| #define HAVE_ATEXIT 1
| #define HAVE_DUP2 1
| #define HAVE_FTRUNCATE 1
| #define HAVE_GETCWD 1
| #define HAVE_GETTIMEOFDAY 1
| #define HAVE_LOCALTIME_R 1
| #define HAVE_MEMCHR 1
| #define HAVE_MEMSET 1
| #define HAVE_MKDIR 1
| #define HAVE_RMDIR 1
| #define HAVE_SETLOCALE 1
| #define HAVE_SOCKET 1
| #define HAVE_STRCASECMP 1
| #define HAVE_STRCHR 1
| #define HAVE_STRDUP 1
| #define HAVE_STRERROR 1
| #define HAVE_STRNCASECMP 1
| #define HAVE_STRNDUP 1
| #define HAVE_STRRCHR 1
| #define HAVE_STRSPN 1
| #define HAVE_STRSTR 1
| #define HAVE_STRTOL 1
| #define HAVE_STRTOUL 1
| /* end confdefs.h.  */
| #include <ac_nonexistent.h>
configure:7277: checking whether make sets $(MAKE)
configure:7299: result: yes
configure:7351: checking for ranlib
configure:7367: found /usr/bin/ranlib
configure:7378: result: ranlib
configure:7400: checking whether ln -s works
configure:7404: result: yes
configure:7461: checking for ar
configure:7477: found /usr/bin/ar
configure:7488: result: ar
configure:7514: checking the archiver (ar) interface
configure:7530: gcc -c  -g -O0  conftest.c >&5
configure:7530: $? = 0
configure:7532: ar cru libconftest.a conftest.o >&5
ar: `u' modifier ignored since `D' is the default (see `U')
configure:7535: $? = 0
configure:7563: result: ar
configure:7584: checking CFLAGS for maximum warnings
configure:7604: gcc -c  -g -O0 -warn all  -warn all  conftest.c >&5
gcc: error: all: No such file or directory
gcc: error: all: No such file or directory
gcc: error: unrecognized command line option '-warn'
gcc: error: unrecognized command line option '-warn'
configure:7604: $? = 1
configure: failed program was:
| /* confdefs.h */
| #define PACKAGE_NAME "i3lock"
| #define PACKAGE_TARNAME "i3lock"
| #define PACKAGE_VERSION "2.10"
| #define PACKAGE_STRING "i3lock 2.10"
| #define PACKAGE_BUGREPORT "https://github.com/i3/i3lock/issues"
| #define PACKAGE_URL ""
| #define PACKAGE "i3lock"
| #define VERSION "2.10"
| #define I3LOCK_VERSION "2.11.1-non-git"
| #define STDC_HEADERS 1
| #define HAVE_SYS_TYPES_H 1
| #define HAVE_SYS_STAT_H 1
| #define HAVE_STDLIB_H 1
| #define HAVE_STRING_H 1
| #define HAVE_MEMORY_H 1
| #define HAVE_STRINGS_H 1
| #define HAVE_INTTYPES_H 1
| #define HAVE_STDINT_H 1
| #define HAVE_UNISTD_H 1
| #define __EXTENSIONS__ 1
| #define _ALL_SOURCE 1
| #define _GNU_SOURCE 1
| #define _POSIX_PTHREAD_SEMANTICS 1
| #define _TANDEM_SOURCE 1
| #define HAVE__BOOL 1
| #define HAVE_MODE_T 1
| #define HAVE_OFF_T 1
| #define HAVE_PID_T 1
| #define HAVE_SIZE_T 1
| #define HAVE_SSIZE_T 1
| #define HAVE_FORK 1
| #define HAVE_VFORK 1
| #define HAVE_WORKING_VFORK 1
| #define HAVE_WORKING_FORK 1
| #define LSTAT_FOLLOWS_SLASHED_SYMLINK 1
| #define HAVE_ATEXIT 1
| #define HAVE_DUP2 1
| #define HAVE_FTRUNCATE 1
| #define HAVE_GETCWD 1
| #define HAVE_GETTIMEOFDAY 1
| #define HAVE_LOCALTIME_R 1
| #define HAVE_MEMCHR 1
| #define HAVE_MEMSET 1
| #define HAVE_MKDIR 1
| #define HAVE_RMDIR 1
| #define HAVE_SETLOCALE 1
| #define HAVE_SOCKET 1
| #define HAVE_STRCASECMP 1
| #define HAVE_STRCHR 1
| #define HAVE_STRDUP 1
| #define HAVE_STRERROR 1
| #define HAVE_STRNCASECMP 1
| #define HAVE_STRNDUP 1
| #define HAVE_STRRCHR 1
| #define HAVE_STRSPN 1
| #define HAVE_STRSTR 1
| #define HAVE_STRTOL 1
| #define HAVE_STRTOUL 1
| /* end confdefs.h.  */
| 
| int
| main ()
| {
| 
|   ;
|   return 0;
| }
configure:7604: gcc -c  -g -O0 -pedantic  -Wall  conftest.c >&5
configure:7604: $? = 0
configure:7612: result: -Wall
configure:7632: : CFLAGS="$CFLAGS"
configure:7635: $? = 0
configure:7653: checking whether C compiler accepts -Wunused-value
configure:7672: gcc -c  -g -O0 -Wall  -Wunused-value  conftest.c >&5
configure:7672: $? = 0
configure:7680: result: yes
configure:7707: : AM_CFLAGS="$AM_CFLAGS"
configure:7710: $? = 0
configure:7725: checking fcntl.h usability
configure:7725: gcc -c  -g -O0 -Wall  conftest.c >&5
configure:7725: $? = 0
configure:7725: result: yes
configure:7725: checking fcntl.h presence
configure:7725: gcc -E  conftest.c
configure:7725: $? = 0
configure:7725: result: yes
configure:7725: checking for fcntl.h
configure:7725: result: yes
configure:7725: checking float.h usability
configure:7725: gcc -c  -g -O0 -Wall  conftest.c >&5
configure:7725: $? = 0
configure:7725: result: yes
configure:7725: checking float.h presence
configure:7725: gcc -E  conftest.c
configure:7725: $? = 0
configure:7725: result: yes
configure:7725: checking for float.h
configure:7725: result: yes
configure:7725: checking for inttypes.h
configure:7725: result: yes
configure:7725: checking limits.h usability
configure:7725: gcc -c  -g -O0 -Wall  conftest.c >&5
configure:7725: $? = 0
configure:7725: result: yes
configure:7725: checking limits.h presence
configure:7725: gcc -E  conftest.c
configure:7725: $? = 0
configure:7725: result: yes
configure:7725: checking for limits.h
configure:7725: result: yes
configure:7725: checking locale.h usability
configure:7725: gcc -c  -g -O0 -Wall  conftest.c >&5
configure:7725: $? = 0
configure:7725: result: yes
configure:7725: checking locale.h presence
configure:7725: gcc -E  conftest.c
configure:7725: $? = 0
configure:7725: result: yes
configure:7725: checking for locale.h
configure:7725: result: yes
configure:7725: checking netinet/in.h usability
configure:7725: gcc -c  -g -O0 -Wall  conftest.c >&5
configure:7725: $? = 0
configure:7725: result: yes
configure:7725: checking netinet/in.h presence
configure:7725: gcc -E  conftest.c
configure:7725: $? = 0
configure:7725: result: yes
configure:7725: checking for netinet/in.h
configure:7725: result: yes
configure:7725: checking paths.h usability
configure:7725: gcc -c  -g -O0 -Wall  conftest.c >&5
configure:7725: $? = 0
configure:7725: result: yes
configure:7725: checking paths.h presence
configure:7725: gcc -E  conftest.c
configure:7725: $? = 0
configure:7725: result: yes
configure:7725: checking for paths.h
configure:7725: result: yes
configure:7725: checking stddef.h usability
configure:7725: gcc -c  -g -O0 -Wall  conftest.c >&5
configure:7725: $? = 0
configure:7725: result: yes
configure:7725: checking stddef.h presence
configure:7725: gcc -E  conftest.c
configure:7725: $? = 0
configure:7725: result: yes
configure:7725: checking for stddef.h
configure:7725: result: yes
configure:7725: checking for stdint.h
configure:7725: result: yes
configure:7725: checking for stdlib.h
configure:7725: result: yes
configure:7725: checking for string.h
configure:7725: result: yes
configure:7725: checking sys/param.h usability
configure:7725: gcc -c  -g -O0 -Wall  conftest.c >&5
configure:7725: $? = 0
configure:7725: result: yes
configure:7725: checking sys/param.h presence
configure:7725: gcc -E  conftest.c
configure:7725: $? = 0
configure:7725: result: yes
configure:7725: checking for sys/param.h
configure:7725: result: yes
configure:7725: checking sys/socket.h usability
configure:7725: gcc -c  -g -O0 -Wall  conftest.c >&5
configure:7725: $? = 0
configure:7725: result: yes
configure:7725: checking sys/socket.h presence
configure:7725: gcc -E  conftest.c
configure:7725: $? = 0
configure:7725: result: yes
configure:7725: checking for sys/socket.h
configure:7725: result: yes
configure:7725: checking sys/time.h usability
configure:7725: gcc -c  -g -O0 -Wall  conftest.c >&5
configure:7725: $? = 0
configure:7725: result: yes
configure:7725: checking sys/time.h presence
configure:7725: gcc -E  conftest.c
configure:7725: $? = 0
configure:7725: result: yes
configure:7725: checking for sys/time.h
configure:7725: result: yes
configure:7725: checking for unistd.h
configure:7725: result: yes
configure:8587: checking that generated files are newer than configure
configure:8593: result: done
configure:8624: creating ./config.status

## ---------------------- ##
## Running config.status. ##
## ---------------------- ##

This file was extended by i3lock config.status 2.10, which was
generated by GNU Autoconf 2.69.  Invocation command line was

  CONFIG_FILES    = 
  CONFIG_HEADERS  = 
  CONFIG_LINKS    = 
  CONFIG_COMMANDS = 
  $ ./config.status 

on Mahooly

config.status:1090: creating Makefile
config.status:1090: creating config.h
config.status:1256: config.h is unchanged
config.status:1304: executing buildir commands
config.status:1317: skipping top_srcdir/Makefile - not created
config.status:1304: executing depfiles commands

## ---------------- ##
## Cache variables. ##
## ---------------- ##

_cv_gnu_make_command=make
ac_cv_build=x86_64-pc-linux-gnu
ac_cv_c_compiler_gnu=yes
ac_cv_cflags_warn_all=-Wall
ac_cv_env_CAIRO_CFLAGS_set=
ac_cv_env_CAIRO_CFLAGS_value=
ac_cv_env_CAIRO_LIBS_set=
ac_cv_env_CAIRO_LIBS_value=
ac_cv_env_CC_set=
ac_cv_env_CC_value=
ac_cv_env_CFLAGS_set=
ac_cv_env_CFLAGS_value=
ac_cv_env_CPPFLAGS_set=
ac_cv_env_CPPFLAGS_value=
ac_cv_env_CPP_set=
ac_cv_env_CPP_value=
ac_cv_env_LDFLAGS_set=
ac_cv_env_LDFLAGS_value=
ac_cv_env_LIBS_set=
ac_cv_env_LIBS_value=
ac_cv_env_PKG_CONFIG_LIBDIR_set=
ac_cv_env_PKG_CONFIG_LIBDIR_value=
ac_cv_env_PKG_CONFIG_PATH_set=
ac_cv_env_PKG_CONFIG_PATH_value=
ac_cv_env_PKG_CONFIG_set=
ac_cv_env_PKG_CONFIG_value=
ac_cv_env_XCB_CFLAGS_set=
ac_cv_env_XCB_CFLAGS_value=
ac_cv_env_XCB_IMAGE_CFLAGS_set=
ac_cv_env_XCB_IMAGE_CFLAGS_value=
ac_cv_env_XCB_IMAGE_LIBS_set=
ac_cv_env_XCB_IMAGE_LIBS_value=
ac_cv_env_XCB_LIBS_set=
ac_cv_env_XCB_LIBS_value=
ac_cv_env_XCB_UTIL_CFLAGS_set=
ac_cv_env_XCB_UTIL_CFLAGS_value=
ac_cv_env_XCB_UTIL_LIBS_set=
ac_cv_env_XCB_UTIL_LIBS_value=
ac_cv_env_XCB_UTIL_XRM_CFLAGS_set=
ac_cv_env_XCB_UTIL_XRM_CFLAGS_value=
ac_cv_env_XCB_UTIL_XRM_LIBS_set=
ac_cv_env_XCB_UTIL_XRM_LIBS_value=
ac_cv_env_XKBCOMMON_CFLAGS_set=
ac_cv_env_XKBCOMMON_CFLAGS_value=
ac_cv_env_XKBCOMMON_LIBS_set=
ac_cv_env_XKBCOMMON_LIBS_value=
ac_cv_env_build_alias_set=
ac_cv_env_build_alias_value=
ac_cv_env_host_alias_set=
ac_cv_env_host_alias_value=
ac_cv_env_target_alias_set=
ac_cv_env_target_alias_value=
ac_cv_func_atexit=yes
ac_cv_func_dup2=yes
ac_cv_func_fork=yes
ac_cv_func_fork_works=yes
ac_cv_func_ftruncate=yes
ac_cv_func_getcwd=yes
ac_cv_func_gettimeofday=yes
ac_cv_func_localtime_r=yes
ac_cv_func_lstat_dereferences_slashed_symlink=yes
ac_cv_func_memchr=yes
ac_cv_func_memset=yes
ac_cv_func_mkdir=yes
ac_cv_func_rmdir=yes
ac_cv_func_setlocale=yes
ac_cv_func_socket=yes
ac_cv_func_strcasecmp=yes
ac_cv_func_strchr=yes
ac_cv_func_strdup=yes
ac_cv_func_strerror=yes
ac_cv_func_strncasecmp=yes
ac_cv_func_strndup=yes
ac_cv_func_strnlen_working=yes
ac_cv_func_strrchr=yes
ac_cv_func_strspn=yes
ac_cv_func_strstr=yes
ac_cv_func_strtol=yes
ac_cv_func_strtoul=yes
ac_cv_func_vfork=yes
ac_cv_func_vfork_works=yes
ac_cv_header_fcntl_h=yes
ac_cv_header_float_h=yes
ac_cv_header_inttypes_h=yes
ac_cv_header_limits_h=yes
ac_cv_header_locale_h=yes
ac_cv_header_memory_h=yes
ac_cv_header_minix_config_h=no
ac_cv_header_netinet_in_h=yes
ac_cv_header_paths_h=yes
ac_cv_header_stdbool_h=yes
ac_cv_header_stdc=yes
ac_cv_header_stddef_h=yes
ac_cv_header_stdint_h=yes
ac_cv_header_stdlib_h=yes
ac_cv_header_string_h=yes
ac_cv_header_strings_h=yes
ac_cv_header_sys_param_h=yes
ac_cv_header_sys_socket_h=yes
ac_cv_header_sys_stat_h=yes
ac_cv_header_sys_time_h=yes
ac_cv_header_sys_types_h=yes
ac_cv_header_unistd_h=yes
ac_cv_header_vfork_h=no
ac_cv_host=x86_64-pc-linux-gnu
ac_cv_objext=o
ac_cv_path_EGREP='/bin/grep -E'
ac_cv_path_GREP=/bin/grep
ac_cv_path_SED=/bin/sed
ac_cv_path_ac_pt_PKG_CONFIG=/usr/bin/pkg-config
ac_cv_path_ax_enable_builddir_sed=sed
ac_cv_path_install='/usr/bin/install -c'
ac_cv_path_mkdir=/bin/mkdir
ac_cv_prog_AWK=mawk
ac_cv_prog_CPP='gcc -E'
ac_cv_prog_ac_ct_AR=ar
ac_cv_prog_ac_ct_CC=gcc
ac_cv_prog_ac_ct_RANLIB=ranlib
ac_cv_prog_cc_c89=
ac_cv_prog_cc_c99=
ac_cv_prog_cc_g=yes
ac_cv_prog_make_make_set=yes
ac_cv_safe_to_define___extensions__=yes
ac_cv_search_ev_run=-lev
ac_cv_search_floor=-lm
ac_cv_search_iconv_open='none required'
ac_cv_search_pam_authenticate=-lpam
ac_cv_search_shm_open=-lrt
ac_cv_target=x86_64-pc-linux-gnu
ac_cv_type__Bool=yes
ac_cv_type_mode_t=yes
ac_cv_type_off_t=yes
ac_cv_type_pid_t=yes
ac_cv_type_size_t=yes
ac_cv_type_ssize_t=yes
am_cv_CC_dependencies_compiler_type=gcc3
am_cv_ar_interface=ar
am_cv_make_support_nested_variables=yes
am_cv_prog_cc_c_o=yes
ax_cv_check_cflags___Wunused_value=yes
ax_cv_gnu_make_command=make
pkg_cv_CAIRO_CFLAGS='-I/usr/include/cairo -I/usr/include/glib-2.0 -I/usr/lib/x86_64-linux-gnu/glib-2.0/include -I/usr/include/pixman-1 -I/usr/include/freetype2 -I/usr/include/libpng12'
pkg_cv_CAIRO_LIBS=-lcairo
pkg_cv_XCB_CFLAGS=
pkg_cv_XCB_IMAGE_CFLAGS=
pkg_cv_XCB_IMAGE_LIBS='-lxcb-image -lxcb-shm -lxcb'
pkg_cv_XCB_LIBS='-lxcb-xkb -lxcb-xinerama -lxcb-randr -lxcb-render -lxcb'
pkg_cv_XCB_UTIL_CFLAGS=
pkg_cv_XCB_UTIL_LIBS='-lxcb-util -lxcb'
pkg_cv_XCB_UTIL_XRM_CFLAGS=
pkg_cv_XCB_UTIL_XRM_LIBS='-lxcb-xrm -lxcb'
pkg_cv_XKBCOMMON_CFLAGS=
pkg_cv_XKBCOMMON_LIBS='-lxkbcommon-x11 -lxkbcommon'

## ----------------- ##
## Output variables. ##
## ----------------- ##











	$(AM_V_at)$(MAKE) $(AM_MAKEFLAGS) code-coverage-capture
	$(code_coverage_v_genhtml)LANG=C $(GENHTML) $(code_coverage_quiet) $(addprefix --prefix ,$(CODE_COVERAGE_DIRECTORY)) --output-directory "$(CODE_COVERAGE_OUTPUT_DIRECTORY)" --title "$(PACKAGE_NAME)-$(PACKAGE_VERSION) Code Coverage" --legend --show-details "$(CODE_COVERAGE_OUTPUT_FILE)" $(CODE_COVERAGE_GENHTML_OPTIONS)
	$(code_coverage_v_lcov_cap)$(LCOV) $(code_coverage_quiet) $(addprefix --directory ,$(CODE_COVERAGE_DIRECTORY)) --capture --output-file "$(CODE_COVERAGE_OUTPUT_FILE).tmp" --test-name "$(call code_coverage_sanitize,$(PACKAGE_NAME)-$(PACKAGE_VERSION))" --no-checksum --compat-libtool $(CODE_COVERAGE_LCOV_SHOPTS) $(CODE_COVERAGE_LCOV_OPTIONS)
	$(code_coverage_v_lcov_ign)$(LCOV) $(code_coverage_quiet) $(addprefix --directory ,$(CODE_COVERAGE_DIRECTORY)) --remove "$(CODE_COVERAGE_OUTPUT_FILE).tmp" "/tmp/*" $(CODE_COVERAGE_IGNORE_PATTERN) --output-file "$(CODE_COVERAGE_OUTPUT_FILE)" $(CODE_COVERAGE_LCOV_SHOPTS) $(CODE_COVERAGE_LCOV_RMOPTS)
	-$(AM_V_at)$(MAKE) $(AM_MAKEFLAGS) -k check
	-$(LCOV) --directory $(top_builddir) -z
	-@rm -f $(CODE_COVERAGE_OUTPUT_FILE).tmp
	-find . -name "*.gcda" -o -name "*.gcov" -delete
	-rm -rf $(CODE_COVERAGE_OUTPUT_FILE) $(CODE_COVERAGE_OUTPUT_FILE).tmp $(CODE_COVERAGE_OUTPUT_DIRECTORY)
	@echo "Need to reconfigure with --enable-code-coverage"
	@echo "Need to reconfigure with --enable-code-coverage"
	@echo "file://$(abs_builddir)/$(CODE_COVERAGE_OUTPUT_DIRECTORY)/index.html"
 $(CODE_COVERAGE_IGNORE_PATTERN);
 $(CODE_COVERAGE_OUTPUT_FILE);
#
#
#    $(PACKAGE_NAME)-$(PACKAGE_VERSION)-coverage)
#    $(PACKAGE_NAME)-$(PACKAGE_VERSION)-coverage.info)
#    (Default: $(top_builddir))
#    (Default: empty)
#    Multiple directories may be specified, separated by whitespace.
#    by lcov for code coverage. (Default:
#    collecting lcov instance. (Default: $CODE_COVERAGE_LCOV_OPTIONS_GCOVPATH)
#    genhtml instance. (Default: based on $CODE_COVERAGE_BRANCH_COVERAGE)
#    instance. (Default: $CODE_COVERAGE_GENHTML_OPTIONS_DEFAULT)
#    instance. (Default: $CODE_COVERAGE_LCOV_OPTIONS_DEFAULT)
#    instance. (Default: $CODE_COVERAGE_LCOV_RMOPTS_DEFAULT)
#    instances. (Default: $CODE_COVERAGE_LCOV_SHOPTS_DEFAULT)
#    instances. (Default: based on $CODE_COVERAGE_BRANCH_COVERAGE)
#    lcov instance. (Default: empty)
#    reports to be created. (Default:
#    set to 0 to disable it and leave empty to stay with the default.
#  - CODE_COVERAGE_BRANCH_COVERAGE: Set to 1 to enforce branch coverage,
#  - CODE_COVERAGE_DIRECTORY: Top-level directory for code coverage reporting.
#  - CODE_COVERAGE_GENHTML_OPTIONS: Extra options to pass to the genhtml
#  - CODE_COVERAGE_GENHTML_OPTIONS_DEFAULT: Extra options to pass to the
#  - CODE_COVERAGE_IGNORE_PATTERN: Extra glob pattern of files to ignore
#  - CODE_COVERAGE_LCOV_OPTIONS: Extra options to pass to the collecting lcov
#  - CODE_COVERAGE_LCOV_OPTIONS_DEFAULT: Extra options to pass to the
#  - CODE_COVERAGE_LCOV_OPTIONS_GCOVPATH: --gcov-tool pathtogcov
#  - CODE_COVERAGE_LCOV_RMOPTS: Extra options to pass to the filtering lcov
#  - CODE_COVERAGE_LCOV_RMOPTS_DEFAULT: Extra options to pass to the filtering
#  - CODE_COVERAGE_LCOV_SHOPTS: Extra options to shared between both lcov
#  - CODE_COVERAGE_LCOV_SHOPTS_DEFAULT: Extra options shared between both lcov
#  - CODE_COVERAGE_OUTPUT_DIRECTORY: Directory for generated code coverage
#  - CODE_COVERAGE_OUTPUT_FILE: Filename and path for the .info file generated
# $(PACKAGE_VERSION). In order to add the current git hash to the title,
# Capture code coverage data
# Code coverage
# Hook rule executed before code-coverage-capture, overridable by the user
# Optional variables
# Optional:
# The generated report will be titled using the $(PACKAGE_NAME) and
# Use recursive makes in order to ignore errors during check
# sanitizes the test-name: replaces with underscores: dashes and dots
# use the git-version-gen script, available online.
$(if $(CODE_COVERAGE_BRANCH_COVERAGE),\
'
--rc genhtml_branch_coverage=$(CODE_COVERAGE_BRANCH_COVERAGE))
--rc lcov_branch_coverage=$(CODE_COVERAGE_BRANCH_COVERAGE))
.PHONY: check-code-coverage code-coverage-capture code-coverage-capture-hook code-coverage-clean
ACLOCAL='${SHELL} /home/mahooly/Downloads/i3lock-master/missing aclocal-1.15'
AMDEPBACKSLASH='\'
AMDEP_FALSE='#'
AMDEP_TRUE=''
AMTAR='$${TAR-tar}'
AM_BACKSLASH='\'
AM_CFLAGS='-Wunused-value'
AM_DEFAULT_V='$(AM_DEFAULT_VERBOSITY)'
AM_DEFAULT_VERBOSITY='0'
AM_DISTCHECK_CONFIGURE_FLAGS += --disable-code-coverage
AM_DISTCHECK_CONFIGURE_FLAGS ?=
AM_V='$(V)'
AR='ar'
AUTOCONF='${SHELL} /home/mahooly/Downloads/i3lock-master/missing autoconf'
AUTOHEADER='${SHELL} /home/mahooly/Downloads/i3lock-master/missing autoheader'
AUTOMAKE='${SHELL} /home/mahooly/Downloads/i3lock-master/missing automake-1.15'
AWK='mawk'
AX_EXTEND_SRCDIR_CPPFLAGS='-DSTRIPPED__FILE__=\"$$(basename $<)\"'
CAIRO_CFLAGS='-I/usr/include/cairo -I/usr/include/glib-2.0 -I/usr/lib/x86_64-linux-gnu/glib-2.0/include -I/usr/include/pixman-1 -I/usr/include/freetype2 -I/usr/include/libpng12'
CAIRO_LIBS='-lcairo'
CC='gcc'
CCDEPMODE='depmode=gcc3'
CFLAGS=' -g -O0 -Wall'
CODE_COVERAGE_BRANCH_COVERAGE ?=
CODE_COVERAGE_CFLAGS=''
CODE_COVERAGE_CPPFLAGS=''
CODE_COVERAGE_CXXFLAGS=''
CODE_COVERAGE_DIRECTORY ?= $(top_builddir)
CODE_COVERAGE_ENABLED='no'
CODE_COVERAGE_ENABLED_FALSE=''
CODE_COVERAGE_ENABLED_TRUE='#'
CODE_COVERAGE_GENHTML_OPTIONS ?= $(CODE_COVERAGE_GENHTML_OPTIONS_DEFAULTS)
CODE_COVERAGE_GENHTML_OPTIONS_DEFAULT ?=\
CODE_COVERAGE_IGNORE_PATTERN ?=
CODE_COVERAGE_LCOV_OPTIONS ?= $(CODE_COVERAGE_LCOV_OPTIONS_DEFAULT)
CODE_COVERAGE_LCOV_OPTIONS_DEFAULT ?= $(CODE_COVERAGE_LCOV_OPTIONS_GCOVPATH)
CODE_COVERAGE_LCOV_OPTIONS_GCOVPATH ?= --gcov-tool "$(GCOV)"
CODE_COVERAGE_LCOV_RMOPTS ?= $(CODE_COVERAGE_LCOV_RMOPTS_DEFAULT)
CODE_COVERAGE_LCOV_RMOPTS_DEFAULT ?=
CODE_COVERAGE_LCOV_SHOPTS ?= $(CODE_COVERAGE_LCOV_SHOPTS_DEFAULT)
CODE_COVERAGE_LCOV_SHOPTS_DEFAULT ?= $(if $(CODE_COVERAGE_BRANCH_COVERAGE),\
CODE_COVERAGE_LDFLAGS=''
CODE_COVERAGE_OUTPUT_DIRECTORY ?= $(PACKAGE_NAME)-$(PACKAGE_VERSION)-coverage
CODE_COVERAGE_OUTPUT_FILE ?= $(PACKAGE_NAME)-$(PACKAGE_VERSION)-coverage.info
CODE_COVERAGE_RULES='
CPP='gcc -E'
CPPFLAGS=''
CYGPATH_W='echo'
DEFS='-DHAVE_CONFIG_H'
DEPDIR='.deps'
ECHO_C=''
ECHO_N='-n'
ECHO_T=''
EGREP='/bin/grep -E'
EXEEXT=''
GCOV=''
GENHTML=''
GITIGNOREFILES += $(CODE_COVERAGE_OUTPUT_FILE) $(CODE_COVERAGE_OUTPUT_DIRECTORY)
GITIGNOREFILES ?=
GREP='/bin/grep'
I3LOCK_VERSION='2.11.1-non-git'
INSTALL_DATA='${INSTALL} -m 644'
INSTALL_PROGRAM='${INSTALL}'
INSTALL_SCRIPT='${INSTALL}'
INSTALL_STRIP_PROGRAM='$(install_sh) -c -s'
LCOV=''
LDFLAGS=''
LIBOBJS=''
LIBS='-lpam -lrt -lev -lm '
LN_S='ln -s'
LTLIBOBJS=''
MAINT=''
MAINTAINER_MODE_FALSE='#'
MAINTAINER_MODE_TRUE=''
MAKEINFO='${SHELL} /home/mahooly/Downloads/i3lock-master/missing makeinfo'
MKDIR_P='/bin/mkdir -p'
OBJEXT='o'
PACKAGE='i3lock'
PACKAGE_BUGREPORT='https://github.com/i3/i3lock/issues'
PACKAGE_NAME='i3lock'
PACKAGE_STRING='i3lock 2.10'
PACKAGE_TARNAME='i3lock'
PACKAGE_URL=''
PACKAGE_VERSION='2.10'
PATH_SEPARATOR=':'
PKG_CONFIG='/usr/bin/pkg-config'
PKG_CONFIG_LIBDIR=''
PKG_CONFIG_PATH=''
RANLIB='ranlib'
SED='/bin/sed'
SET_MAKE=''
SHELL='/bin/bash'
STRIP=''
VERSION='2.11.1'
XCB_CFLAGS=''
XCB_IMAGE_CFLAGS=''
XCB_IMAGE_LIBS='-lxcb-image -lxcb-shm -lxcb'
XCB_LIBS='-lxcb-xkb -lxcb-xinerama -lxcb-randr -lxcb-render -lxcb'
XCB_UTIL_CFLAGS=''
XCB_UTIL_LIBS='-lxcb-util -lxcb'
XCB_UTIL_XRM_CFLAGS=''
XCB_UTIL_XRM_LIBS='-lxcb-xrm -lxcb'
XKBCOMMON_CFLAGS=''
XKBCOMMON_LIBS='-lxkbcommon-x11 -lxkbcommon'
ac_ct_AR='ar'
ac_ct_CC='gcc'
am__EXEEXT_FALSE=''
am__EXEEXT_TRUE='#'
am__fastdepCC_FALSE='#'
am__fastdepCC_TRUE=''
am__include='include'
am__isrc=' -I$(srcdir)'
am__leading_dot='.'
am__nodep='_no'
am__quote=''
am__tar='$${TAR-tar} chof - "$$tardir"'
am__untar='$${TAR-tar} xf -'
ax_enable_builddir_sed='sed'
bindir='${exec_prefix}/bin'
build='x86_64-pc-linux-gnu'
build_alias=''
build_cpu='x86_64'
build_os='linux-gnu'
build_vendor='pc'
check-code-coverage:
clean: code-coverage-clean
code-coverage-capture-hook:
code-coverage-capture: code-coverage-capture-hook
code-coverage-clean:
code_coverage_quiet = $(code_coverage_quiet_$(V))
code_coverage_quiet_ = $(code_coverage_quiet_$(AM_DEFAULT_VERBOSITY))
code_coverage_quiet_0 = --quiet
code_coverage_sanitize = $(subst -,_,$(subst .,_,$(1)))
code_coverage_v_genhtml = $(code_coverage_v_genhtml_$(V))
code_coverage_v_genhtml_ = $(code_coverage_v_genhtml_$(AM_DEFAULT_VERBOSITY))
code_coverage_v_genhtml_0 = @echo "  GEN   " $(CODE_COVERAGE_OUTPUT_DIRECTORY);
code_coverage_v_lcov_cap = $(code_coverage_v_lcov_cap_$(V))
code_coverage_v_lcov_cap_ = $(code_coverage_v_lcov_cap_$(AM_DEFAULT_VERBOSITY))
code_coverage_v_lcov_cap_0 = @echo "  LCOV   --capture"\
code_coverage_v_lcov_ign = $(code_coverage_v_lcov_ign_$(V))
code_coverage_v_lcov_ign_ = $(code_coverage_v_lcov_ign_$(AM_DEFAULT_VERBOSITY))
code_coverage_v_lcov_ign_0 = @echo "  LCOV   --remove /tmp/*"\
datadir='${datarootdir}'
datarootdir='${prefix}/share'
docdir='${datarootdir}/doc/${PACKAGE_TARNAME}'
dvidir='${docdir}'
else
else
endif
endif
endif
exec_prefix='${prefix}'
host='x86_64-pc-linux-gnu'
host_alias=''
host_cpu='x86_64'
host_os='linux-gnu'
host_vendor='pc'
htmldir='${docdir}'
ifGNUmake=''
ifeq ($(CODE_COVERAGE_ENABLED),yes)
ifeq ($(CODE_COVERAGE_ENABLED),yes)
ifeq ($(CODE_COVERAGE_ENABLED),yes)
includedir='${prefix}/include'
infodir='${datarootdir}/info'
install_sh='${SHELL} /home/mahooly/Downloads/i3lock-master/install-sh'
libdir='${exec_prefix}/lib'
libexecdir='${exec_prefix}/libexec'
localedir='${datarootdir}/locale'
localstatedir='${prefix}/var'
mandir='${datarootdir}/man'
mkdir_p='$(MKDIR_P)'
oldincludedir='/usr/include'
pdfdir='${docdir}'
prefix='/usr'
program_transform_name='s,x,x,'
psdir='${docdir}'
runstatedir='${localstatedir}/run'
sbindir='${exec_prefix}/sbin'
sharedstatedir='${prefix}/com'
sysconfdir='/etc'
target='x86_64-pc-linux-gnu'
target_alias=''
target_cpu='x86_64'
target_os='linux-gnu'
target_vendor='pc'

## ----------- ##
## confdefs.h. ##
## ----------- ##

/* confdefs.h */
#define PACKAGE_NAME "i3lock"
#define PACKAGE_TARNAME "i3lock"
#define PACKAGE_VERSION "2.10"
#define PACKAGE_STRING "i3lock 2.10"
#define PACKAGE_BUGREPORT "https://github.com/i3/i3lock/issues"
#define PACKAGE_URL ""
#define PACKAGE "i3lock"
#define VERSION "2.10"
#define I3LOCK_VERSION "2.11.1-non-git"
#define STDC_HEADERS 1
#define HAVE_SYS_TYPES_H 1
#define HAVE_SYS_STAT_H 1
#define HAVE_STDLIB_H 1
#define HAVE_STRING_H 1
#define HAVE_MEMORY_H 1
#define HAVE_STRINGS_H 1
#define HAVE_INTTYPES_H 1
#define HAVE_STDINT_H 1
#define HAVE_UNISTD_H 1
#define __EXTENSIONS__ 1
#define _ALL_SOURCE 1
#define _GNU_SOURCE 1
#define _POSIX_PTHREAD_SEMANTICS 1
#define _TANDEM_SOURCE 1
#define HAVE__BOOL 1
#define HAVE_MODE_T 1
#define HAVE_OFF_T 1
#define HAVE_PID_T 1
#define HAVE_SIZE_T 1
#define HAVE_SSIZE_T 1
#define HAVE_FORK 1
#define HAVE_VFORK 1
#define HAVE_WORKING_VFORK 1
#define HAVE_WORKING_FORK 1
#define LSTAT_FOLLOWS_SLASHED_SYMLINK 1
#define HAVE_ATEXIT 1
#define HAVE_DUP2 1
#define HAVE_FTRUNCATE 1
#define HAVE_GETCWD 1
#define HAVE_GETTIMEOFDAY 1
#define HAVE_LOCALTIME_R 1
#define HAVE_MEMCHR 1
#define HAVE_MEMSET 1
#define HAVE_MKDIR 1
#define HAVE_RMDIR 1
#define HAVE_SETLOCALE 1
#define HAVE_SOCKET 1
#define HAVE_STRCASECMP 1
#define HAVE_STRCHR 1
#define HAVE_STRDUP 1
#define HAVE_STRERROR 1
#define HAVE_STRNCASECMP 1
#define HAVE_STRNDUP 1
#define HAVE_STRRCHR 1
#define HAVE_STRSPN 1
#define HAVE_STRSTR 1
#define HAVE_STRTOL 1
#define HAVE_STRTOUL 1
#define HAVE_FCNTL_H 1
#define HAVE_FLOAT_H 1
#define HAVE_INTTYPES_H 1
#define HAVE_LIMITS_H 1
#define HAVE_LOCALE_H 1
#define HAVE_NETINET_IN_H 1
#define HAVE_PATHS_H 1
#define HAVE_STDDEF_H 1
#define HAVE_STDINT_H 1
#define HAVE_STDLIB_H 1
#define HAVE_STRING_H 1
#define HAVE_SYS_PARAM_H 1
#define HAVE_SYS_SOCKET_H 1
#define HAVE_SYS_TIME_H 1
#define HAVE_UNISTD_H 1

configure: exit 0
